{"/Users/priojeetpriyom/lightcurve/temp/test-lisk-core/src/application/modules/index.ts": {"path":"/Users/priojeetpriyom/lightcurve/temp/test-lisk-core/src/application/modules/index.ts","statementMap":{"0":{"start":{"line":15,"column":0},"end":{"line":15,"column":25}}},"fnMap":{},"branchMap":{},"s":{"0":2},"f":{},"b":{}}
,"/Users/priojeetpriyom/lightcurve/temp/test-lisk-core/src/application/modules/legacy/constants.ts": {"path":"/Users/priojeetpriyom/lightcurve/temp/test-lisk-core/src/application/modules/legacy/constants.ts","statementMap":{"0":{"start":{"line":15,"column":0},"end":{"line":15,"column":40}},"1":{"start":{"line":19,"column":4},"end":{"line":19,"column":16}},"2":{"start":{"line":21,"column":13},"end":{"line":21,"column":43}},"3":{"start":{"line":22,"column":13},"end":{"line":22,"column":39}},"4":{"start":{"line":23,"column":13},"end":{"line":23,"column":56}},"5":{"start":{"line":26,"column":13},"end":{"line":26,"column":44}},"6":{"start":{"line":27,"column":13},"end":{"line":27,"column":52}},"7":{"start":{"line":28,"column":13},"end":{"line":28,"column":94}},"8":{"start":{"line":29,"column":13},"end":{"line":29,"column":47}},"9":{"start":{"line":31,"column":13},"end":{"line":31,"column":48}},"10":{"start":{"line":33,"column":13},"end":{"line":35,"column":2}},"11":{"start":{"line":37,"column":13},"end":{"line":37,"column":39}},"12":{"start":{"line":38,"column":13},"end":{"line":38,"column":33}},"13":{"start":{"line":40,"column":13},"end":{"line":40,"column":39}},"14":{"start":{"line":41,"column":13},"end":{"line":41,"column":45}},"15":{"start":{"line":42,"column":13},"end":{"line":42,"column":33}}},"fnMap":{},"branchMap":{},"s":{"0":5,"1":5,"2":5,"3":5,"4":5,"5":5,"6":5,"7":5,"8":5,"9":5,"10":5,"11":5,"12":5,"13":5,"14":5,"15":5},"f":{},"b":{}}
,"/Users/priojeetpriyom/lightcurve/temp/test-lisk-core/src/application/modules/legacy/endpoint.ts": {"path":"/Users/priojeetpriyom/lightcurve/temp/test-lisk-core/src/application/modules/legacy/endpoint.ts","statementMap":{"0":{"start":{"line":14,"column":0},"end":{"line":14,"column":null}},"1":{"start":{"line":21,"column":0},"end":{"line":21,"column":55}},"2":{"start":{"line":22,"column":0},"end":{"line":22,"column":65}},"3":{"start":{"line":24,"column":0},"end":{"line":24,"column":43}},"4":{"start":{"line":27,"column":47},"end":{"line":27,"column":70}},"5":{"start":{"line":29,"column":26},"end":{"line":29,"column":31}},"6":{"start":{"line":35,"column":2},"end":{"line":35,"column":61}},"7":{"start":{"line":37,"column":20},"end":{"line":37,"column":70}},"8":{"start":{"line":38,"column":22},"end":{"line":38,"column":57}},"9":{"start":{"line":40,"column":2},"end":{"line":60,"column":null}},"10":{"start":{"line":41,"column":31},"end":{"line":41,"column":58}},"11":{"start":{"line":42,"column":25},"end":{"line":42,"column":60}},"12":{"start":{"line":43,"column":28},"end":{"line":43,"column":75}},"13":{"start":{"line":44,"column":3},"end":{"line":49,"column":null}},"14":{"start":{"line":45,"column":4},"end":{"line":48,"column":6}},"15":{"start":{"line":50,"column":25},"end":{"line":50,"column":72}},"16":{"start":{"line":51,"column":3},"end":{"line":54,"column":5}},"17":{"start":{"line":56,"column":3},"end":{"line":58,"column":null}},"18":{"start":{"line":57,"column":4},"end":{"line":57,"column":21}},"19":{"start":{"line":59,"column":3},"end":{"line":59,"column":13}},"20":{"start":{"line":31,"column":0},"end":{"line":31,"column":13}}},"fnMap":{"0":{"name":"(anonymous_0)","decl":{"start":{"line":32,"column":8},"end":{"line":32,"column":13}},"loc":{"start":{"line":33,"column":28},"end":{"line":61,"column":2}}}},"branchMap":{"0":{"loc":{"start":{"line":44,"column":3},"end":{"line":49,"column":null}},"type":"if","locations":[{"start":{"line":44,"column":3},"end":{"line":49,"column":null}}]},"1":{"loc":{"start":{"line":56,"column":3},"end":{"line":58,"column":null}},"type":"if","locations":[{"start":{"line":56,"column":3},"end":{"line":58,"column":null}}]}},"s":{"0":5,"1":5,"2":5,"3":5,"4":5,"5":5,"6":2,"7":2,"8":2,"9":2,"10":2,"11":2,"12":2,"13":2,"14":1,"15":1,"16":1,"17":0,"18":0,"19":0,"20":5},"f":{"0":2},"b":{"0":[1],"1":[0]}}
,"/Users/priojeetpriyom/lightcurve/temp/test-lisk-core/src/application/modules/legacy/index.ts": {"path":"/Users/priojeetpriyom/lightcurve/temp/test-lisk-core/src/application/modules/legacy/index.ts","statementMap":{"0":{"start":{"line":15,"column":0},"end":{"line":15,"column":25}}},"fnMap":{},"branchMap":{},"s":{"0":2},"f":{},"b":{}}
,"/Users/priojeetpriyom/lightcurve/temp/test-lisk-core/src/application/modules/legacy/method.ts": {"path":"/Users/priojeetpriyom/lightcurve/temp/test-lisk-core/src/application/modules/legacy/method.ts","statementMap":{"0":{"start":{"line":15,"column":0},"end":{"line":15,"column":38}},"1":{"start":{"line":17,"column":0},"end":{"line":17,"column":13}}},"fnMap":{},"branchMap":{},"s":{"0":5,"1":5},"f":{},"b":{}}
,"/Users/priojeetpriyom/lightcurve/temp/test-lisk-core/src/application/modules/legacy/module.ts": {"path":"/Users/priojeetpriyom/lightcurve/temp/test-lisk-core/src/application/modules/legacy/module.ts","statementMap":{"0":{"start":{"line":14,"column":0},"end":{"line":14,"column":null}},"1":{"start":{"line":25,"column":0},"end":{"line":25,"column":40}},"2":{"start":{"line":26,"column":0},"end":{"line":26,"column":44}},"3":{"start":{"line":27,"column":0},"end":{"line":27,"column":null}},"4":{"start":{"line":33,"column":0},"end":{"line":33,"column":null}},"5":{"start":{"line":40,"column":0},"end":{"line":40,"column":42}},"6":{"start":{"line":41,"column":0},"end":{"line":41,"column":65}},"7":{"start":{"line":42,"column":0},"end":{"line":42,"column":55}},"8":{"start":{"line":43,"column":0},"end":{"line":43,"column":63}},"9":{"start":{"line":44,"column":0},"end":{"line":44,"column":51}},"10":{"start":{"line":45,"column":0},"end":{"line":45,"column":58}},"11":{"start":{"line":48,"column":47},"end":{"line":48,"column":70}},"12":{"start":{"line":62,"column":2},"end":{"line":62,"column":10}},"13":{"start":{"line":51,"column":8},"end":{"line":51,"column":72}},"14":{"start":{"line":52,"column":8},"end":{"line":52,"column":60}},"15":{"start":{"line":53,"column":8},"end":{"line":53,"column":54}},"16":{"start":{"line":58,"column":18},"end":{"line":58,"column":87}},"17":{"start":{"line":59,"column":18},"end":{"line":59,"column":91}},"18":{"start":{"line":69,"column":8},"end":{"line":69,"column":72}},"19":{"start":{"line":63,"column":2},"end":{"line":63,"column":78}},"20":{"start":{"line":64,"column":2},"end":{"line":64,"column":72}},"21":{"start":{"line":65,"column":2},"end":{"line":65,"column":76}},"22":{"start":{"line":72,"column":2},"end":{"line":72,"column":31}},"23":{"start":{"line":73,"column":2},"end":{"line":73,"column":44}},"24":{"start":{"line":74,"column":2},"end":{"line":74,"column":61}},"25":{"start":{"line":75,"column":2},"end":{"line":75,"column":68}},"26":{"start":{"line":79,"column":2},"end":{"line":102,"column":4}},"27":{"start":{"line":87,"column":43},"end":{"line":90,"column":5}},"28":{"start":{"line":91,"column":42},"end":{"line":94,"column":5}},"29":{"start":{"line":107,"column":42},"end":{"line":107,"column":46}},"30":{"start":{"line":108,"column":29},"end":{"line":111,"column":null}},"31":{"start":{"line":113,"column":2},"end":{"line":113,"column":74}},"32":{"start":{"line":114,"column":2},"end":{"line":117,"column":5}},"33":{"start":{"line":121,"column":29},"end":{"line":121,"column":59}},"34":{"start":{"line":123,"column":2},"end":{"line":125,"column":null}},"35":{"start":{"line":124,"column":3},"end":{"line":124,"column":10}},"36":{"start":{"line":127,"column":23},"end":{"line":129,"column":null}},"37":{"start":{"line":132,"column":2},"end":{"line":132,"column":61}},"38":{"start":{"line":133,"column":31},"end":{"line":133,"column":40}},"39":{"start":{"line":134,"column":21},"end":{"line":134,"column":32}},"40":{"start":{"line":136,"column":2},"end":{"line":144,"column":null}},"41":{"start":{"line":137,"column":3},"end":{"line":140,"column":6}},"42":{"start":{"line":138,"column":4},"end":{"line":140,"column":6}},"43":{"start":{"line":142,"column":3},"end":{"line":142,"column":61}},"44":{"start":{"line":143,"column":3},"end":{"line":143,"column":35}},"45":{"start":{"line":146,"column":2},"end":{"line":148,"column":null}},"46":{"start":{"line":147,"column":3},"end":{"line":147,"column":72}},"47":{"start":{"line":150,"column":2},"end":{"line":152,"column":null}},"48":{"start":{"line":151,"column":3},"end":{"line":151,"column":79}},"49":{"start":{"line":154,"column":23},"end":{"line":158,"column":null}},"50":{"start":{"line":161,"column":2},"end":{"line":163,"column":null}},"51":{"start":{"line":162,"column":3},"end":{"line":162,"column":90}},"52":{"start":{"line":165,"column":22},"end":{"line":165,"column":57}},"53":{"start":{"line":166,"column":2},"end":{"line":170,"column":4}},"54":{"start":{"line":168,"column":4},"end":{"line":168,"column":71}},"55":{"start":{"line":50,"column":0},"end":{"line":50,"column":13}}},"fnMap":{"0":{"name":"(anonymous_0)","decl":{"start":{"line":61,"column":1},"end":{"line":61,"column":null}},"loc":{"start":{"line":61,"column":1},"end":{"line":66,"column":2}}},"1":{"name":"(anonymous_1)","decl":{"start":{"line":71,"column":8},"end":{"line":71,"column":23}},"loc":{"start":{"line":71,"column":81},"end":{"line":76,"column":2}}},"2":{"name":"(anonymous_2)","decl":{"start":{"line":78,"column":8},"end":{"line":78,"column":16}},"loc":{"start":{"line":78,"column":16},"end":{"line":103,"column":2}}},"3":{"name":"(anonymous_3)","decl":{"start":{"line":87,"column":31},"end":{"line":87,"column":38}},"loc":{"start":{"line":87,"column":43},"end":{"line":90,"column":5}}},"4":{"name":"(anonymous_4)","decl":{"start":{"line":91,"column":36},"end":{"line":91,"column":37}},"loc":{"start":{"line":91,"column":42},"end":{"line":94,"column":5}}},"5":{"name":"(anonymous_5)","decl":{"start":{"line":106,"column":8},"end":{"line":106,"column":13}},"loc":{"start":{"line":106,"column":39},"end":{"line":118,"column":2}}},"6":{"name":"(anonymous_6)","decl":{"start":{"line":120,"column":8},"end":{"line":120,"column":13}},"loc":{"start":{"line":120,"column":62},"end":{"line":171,"column":2}}},"7":{"name":"(anonymous_7)","decl":{"start":{"line":167,"column":16},"end":{"line":167,"column":21}},"loc":{"start":{"line":168,"column":4},"end":{"line":168,"column":71}}}},"branchMap":{"0":{"loc":{"start":{"line":123,"column":2},"end":{"line":125,"column":null}},"type":"if","locations":[{"start":{"line":123,"column":2},"end":{"line":125,"column":null}}]},"1":{"loc":{"start":{"line":137,"column":3},"end":{"line":140,"column":6}},"type":"if","locations":[{"start":{"line":137,"column":3},"end":{"line":140,"column":6}}]},"2":{"loc":{"start":{"line":146,"column":2},"end":{"line":148,"column":null}},"type":"if","locations":[{"start":{"line":146,"column":2},"end":{"line":148,"column":null}}]},"3":{"loc":{"start":{"line":150,"column":2},"end":{"line":152,"column":null}},"type":"if","locations":[{"start":{"line":150,"column":2},"end":{"line":152,"column":null}}]},"4":{"loc":{"start":{"line":161,"column":2},"end":{"line":163,"column":null}},"type":"if","locations":[{"start":{"line":161,"column":2},"end":{"line":163,"column":null}}]}},"s":{"0":5,"1":5,"2":5,"3":5,"4":5,"5":5,"6":5,"7":5,"8":5,"9":5,"10":5,"11":5,"12":29,"13":29,"14":29,"15":29,"16":29,"17":29,"18":29,"19":29,"20":29,"21":29,"22":3,"23":3,"24":3,"25":3,"26":0,"27":0,"28":0,"29":1,"30":1,"31":1,"32":1,"33":9,"34":9,"35":0,"36":9,"37":8,"38":5,"39":5,"40":5,"41":20,"42":0,"43":20,"44":20,"45":5,"46":1,"47":4,"48":1,"49":3,"50":3,"51":1,"52":2,"53":2,"54":7,"55":5},"f":{"0":29,"1":3,"2":0,"3":0,"4":0,"5":1,"6":9,"7":7},"b":{"0":[0],"1":[0],"2":[1],"3":[1],"4":[1]}}
,"/Users/priojeetpriyom/lightcurve/temp/test-lisk-core/src/application/modules/legacy/schemas.ts": {"path":"/Users/priojeetpriyom/lightcurve/temp/test-lisk-core/src/application/modules/legacy/schemas.ts","statementMap":{"0":{"start":{"line":14,"column":0},"end":{"line":14,"column":null}},"1":{"start":{"line":21,"column":13},"end":{"line":31,"column":2}},"2":{"start":{"line":33,"column":13},"end":{"line":43,"column":2}},"3":{"start":{"line":45,"column":13},"end":{"line":69,"column":2}},"4":{"start":{"line":71,"column":13},"end":{"line":97,"column":2}},"5":{"start":{"line":99,"column":13},"end":{"line":109,"column":2}}},"fnMap":{},"branchMap":{},"s":{"0":5,"1":5,"2":5,"3":5,"4":5,"5":5},"f":{},"b":{}}
,"/Users/priojeetpriyom/lightcurve/temp/test-lisk-core/src/application/modules/legacy/utils.ts": {"path":"/Users/priojeetpriyom/lightcurve/temp/test-lisk-core/src/application/modules/legacy/utils.ts","statementMap":{"0":{"start":{"line":14,"column":0},"end":{"line":14,"column":55}},"1":{"start":{"line":21,"column":4},"end":{"line":21,"column":16}},"2":{"start":{"line":27,"column":21},"end":{"line":27,"column":34}},"3":{"start":{"line":28,"column":24},"end":{"line":28,"column":60}},"4":{"start":{"line":29,"column":24},"end":{"line":29,"column":53}},"5":{"start":{"line":31,"column":1},"end":{"line":34,"column":3}},"6":{"start":{"line":23,"column":0},"end":{"line":23,"column":16}},"7":{"start":{"line":38,"column":1},"end":{"line":38,"column":52}},"8":{"start":{"line":37,"column":0},"end":{"line":37,"column":16}}},"fnMap":{"0":{"name":"getModuleConfig","decl":{"start":{"line":23,"column":16},"end":{"line":23,"column":31}},"loc":{"start":{"line":25,"column":31},"end":{"line":35,"column":1}}},"1":{"name":"getLegacyAddress","decl":{"start":{"line":37,"column":16},"end":{"line":37,"column":32}},"loc":{"start":{"line":37,"column":50},"end":{"line":39,"column":1}}}},"branchMap":{},"s":{"0":5,"1":5,"2":1,"3":1,"4":1,"5":1,"6":5,"7":9,"8":5},"f":{"0":1,"1":9},"b":{}}
,"/Users/priojeetpriyom/lightcurve/temp/test-lisk-core/src/application/modules/legacy/commands/reclaim.ts": {"path":"/Users/priojeetpriyom/lightcurve/temp/test-lisk-core/src/application/modules/legacy/commands/reclaim.ts","statementMap":{"0":{"start":{"line":15,"column":0},"end":{"line":15,"column":null}},"1":{"start":{"line":26,"column":0},"end":{"line":26,"column":54}},"2":{"start":{"line":28,"column":0},"end":{"line":28,"column":52}},"3":{"start":{"line":30,"column":0},"end":{"line":30,"column":44}},"4":{"start":{"line":31,"column":0},"end":{"line":31,"column":66}},"5":{"start":{"line":32,"column":0},"end":{"line":32,"column":52}},"6":{"start":{"line":35,"column":47},"end":{"line":35,"column":70}},"7":{"start":{"line":38,"column":4},"end":{"line":38,"column":16}},"8":{"start":{"line":41,"column":8},"end":{"line":41,"column":40}},"9":{"start":{"line":42,"column":8},"end":{"line":42,"column":54}},"10":{"start":{"line":48,"column":2},"end":{"line":48,"column":34}},"11":{"start":{"line":52,"column":2},"end":{"line":52,"column":45}},"12":{"start":{"line":53,"column":2},"end":{"line":53,"column":37}},"13":{"start":{"line":57,"column":18},"end":{"line":57,"column":64}},"14":{"start":{"line":59,"column":2},"end":{"line":66,"column":null}},"15":{"start":{"line":60,"column":3},"end":{"line":60,"column":54}},"16":{"start":{"line":62,"column":3},"end":{"line":65,"column":5}},"17":{"start":{"line":68,"column":24},"end":{"line":68,"column":73}},"18":{"start":{"line":69,"column":22},"end":{"line":69,"column":57}},"19":{"start":{"line":71,"column":32},"end":{"line":71,"column":73}},"20":{"start":{"line":73,"column":2},"end":{"line":78,"column":null}},"21":{"start":{"line":74,"column":3},"end":{"line":77,"column":5}},"22":{"start":{"line":80,"column":24},"end":{"line":80,"column":65}},"23":{"start":{"line":82,"column":2},"end":{"line":87,"column":null}},"24":{"start":{"line":83,"column":3},"end":{"line":86,"column":5}},"25":{"start":{"line":89,"column":2},"end":{"line":89,"column":37}},"26":{"start":{"line":93,"column":18},"end":{"line":93,"column":64}},"27":{"start":{"line":94,"column":24},"end":{"line":94,"column":73}},"28":{"start":{"line":95,"column":22},"end":{"line":95,"column":57}},"29":{"start":{"line":96,"column":2},"end":{"line":96,"column":44}},"30":{"start":{"line":98,"column":18},"end":{"line":98,"column":74}},"31":{"start":{"line":100,"column":2},"end":{"line":106,"column":4}},"32":{"start":{"line":108,"column":2},"end":{"line":114,"column":4}},"33":{"start":{"line":116,"column":26},"end":{"line":116,"column":58}},"34":{"start":{"line":117,"column":2},"end":{"line":121,"column":5}},"35":{"start":{"line":40,"column":0},"end":{"line":40,"column":13}}},"fnMap":{"0":{"name":"(anonymous_0)","decl":{"start":{"line":40,"column":0},"end":{"line":40,"column":13}},"loc":{"start":{"line":40,"column":0},"end":{"line":123,"column":1}}},"1":{"name":"(anonymous_1)","decl":{"start":{"line":47,"column":8},"end":{"line":47,"column":23}},"loc":{"start":{"line":47,"column":48},"end":{"line":49,"column":2}}},"2":{"name":"(anonymous_2)","decl":{"start":{"line":51,"column":8},"end":{"line":51,"column":12}},"loc":{"start":{"line":51,"column":77},"end":{"line":54,"column":2}}},"3":{"name":"(anonymous_3)","decl":{"start":{"line":56,"column":8},"end":{"line":56,"column":13}},"loc":{"start":{"line":56,"column":46},"end":{"line":90,"column":2}}},"4":{"name":"(anonymous_4)","decl":{"start":{"line":92,"column":8},"end":{"line":92,"column":13}},"loc":{"start":{"line":92,"column":48},"end":{"line":122,"column":2}}}},"branchMap":{"0":{"loc":{"start":{"line":73,"column":2},"end":{"line":78,"column":null}},"type":"if","locations":[{"start":{"line":73,"column":2},"end":{"line":78,"column":null}}]},"1":{"loc":{"start":{"line":82,"column":2},"end":{"line":87,"column":null}},"type":"if","locations":[{"start":{"line":82,"column":2},"end":{"line":87,"column":null}}]}},"s":{"0":5,"1":5,"2":5,"3":5,"4":5,"5":5,"6":5,"7":5,"8":37,"9":37,"10":12,"11":1,"12":1,"13":4,"14":4,"15":4,"16":1,"17":3,"18":3,"19":3,"20":3,"21":1,"22":2,"23":2,"24":1,"25":1,"26":1,"27":1,"28":1,"29":1,"30":1,"31":1,"32":1,"33":1,"34":1,"35":5},"f":{"0":37,"1":12,"2":1,"3":4,"4":1},"b":{"0":[1],"1":[1]}}
,"/Users/priojeetpriyom/lightcurve/temp/test-lisk-core/src/application/modules/legacy/commands/register_keys.ts": {"path":"/Users/priojeetpriyom/lightcurve/temp/test-lisk-core/src/application/modules/legacy/commands/register_keys.ts","statementMap":{"0":{"start":{"line":15,"column":0},"end":{"line":15,"column":null}},"1":{"start":{"line":25,"column":0},"end":{"line":25,"column":47}},"2":{"start":{"line":26,"column":0},"end":{"line":26,"column":54}},"3":{"start":{"line":28,"column":0},"end":{"line":28,"column":59}},"4":{"start":{"line":32,"column":4},"end":{"line":32,"column":16}},"5":{"start":{"line":35,"column":47},"end":{"line":35,"column":70}},"6":{"start":{"line":38,"column":8},"end":{"line":38,"column":42}},"7":{"start":{"line":39,"column":18},"end":{"line":39,"column":50}},"8":{"start":{"line":43,"column":2},"end":{"line":43,"column":44}},"9":{"start":{"line":47,"column":27},"end":{"line":47,"column":83}},"10":{"start":{"line":48,"column":24},"end":{"line":50,"column":null}},"11":{"start":{"line":53,"column":2},"end":{"line":58,"column":null}},"12":{"start":{"line":54,"column":3},"end":{"line":57,"column":5}},"13":{"start":{"line":60,"column":2},"end":{"line":60,"column":37}},"14":{"start":{"line":64,"column":18},"end":{"line":64,"column":60}},"15":{"start":{"line":65,"column":2},"end":{"line":65,"column":55}},"16":{"start":{"line":67,"column":27},"end":{"line":67,"column":83}},"17":{"start":{"line":69,"column":2},"end":{"line":73,"column":4}},"18":{"start":{"line":75,"column":2},"end":{"line":80,"column":4}},"19":{"start":{"line":82,"column":28},"end":{"line":82,"column":62}},"20":{"start":{"line":83,"column":2},"end":{"line":87,"column":5}},"21":{"start":{"line":37,"column":0},"end":{"line":37,"column":13}}},"fnMap":{"0":{"name":"(anonymous_0)","decl":{"start":{"line":37,"column":0},"end":{"line":37,"column":13}},"loc":{"start":{"line":37,"column":0},"end":{"line":89,"column":1}}},"1":{"name":"(anonymous_1)","decl":{"start":{"line":42,"column":8},"end":{"line":42,"column":23}},"loc":{"start":{"line":42,"column":58},"end":{"line":44,"column":2}}},"2":{"name":"(anonymous_2)","decl":{"start":{"line":46,"column":8},"end":{"line":46,"column":13}},"loc":{"start":{"line":46,"column":46},"end":{"line":61,"column":2}}},"3":{"name":"(anonymous_3)","decl":{"start":{"line":63,"column":8},"end":{"line":63,"column":13}},"loc":{"start":{"line":63,"column":48},"end":{"line":88,"column":2}}}},"branchMap":{"0":{"loc":{"start":{"line":53,"column":2},"end":{"line":58,"column":null}},"type":"if","locations":[{"start":{"line":53,"column":2},"end":{"line":58,"column":null}}]}},"s":{"0":5,"1":5,"2":5,"3":5,"4":5,"5":5,"6":43,"7":43,"8":14,"9":2,"10":2,"11":2,"12":1,"13":1,"14":9,"15":9,"16":2,"17":2,"18":2,"19":2,"20":2,"21":5},"f":{"0":43,"1":14,"2":2,"3":9},"b":{"0":[1]}}
,"/Users/priojeetpriyom/lightcurve/temp/test-lisk-core/src/application/modules/legacy/events/reclaim.ts": {"path":"/Users/priojeetpriyom/lightcurve/temp/test-lisk-core/src/application/modules/legacy/events/reclaim.ts","statementMap":{"0":{"start":{"line":14,"column":0},"end":{"line":14,"column":50}},"1":{"start":{"line":16,"column":0},"end":{"line":16,"column":69}},"2":{"start":{"line":24,"column":13},"end":{"line":44,"column":2}},"3":{"start":{"line":47,"column":8},"end":{"line":47,"column":49}},"4":{"start":{"line":50,"column":2},"end":{"line":50,"column":58}},"5":{"start":{"line":46,"column":0},"end":{"line":46,"column":13}}},"fnMap":{"0":{"name":"(anonymous_0)","decl":{"start":{"line":46,"column":0},"end":{"line":46,"column":13}},"loc":{"start":{"line":46,"column":0},"end":{"line":52,"column":1}}},"1":{"name":"(anonymous_1)","decl":{"start":{"line":49,"column":8},"end":{"line":49,"column":11}},"loc":{"start":{"line":49,"column":55},"end":{"line":51,"column":2}}}},"branchMap":{},"s":{"0":5,"1":5,"2":5,"3":29,"4":1,"5":5},"f":{"0":29,"1":1},"b":{}}
,"/Users/priojeetpriyom/lightcurve/temp/test-lisk-core/src/application/modules/legacy/events/registerKeys.ts": {"path":"/Users/priojeetpriyom/lightcurve/temp/test-lisk-core/src/application/modules/legacy/events/registerKeys.ts","statementMap":{"0":{"start":{"line":14,"column":0},"end":{"line":14,"column":50}},"1":{"start":{"line":16,"column":0},"end":{"line":16,"column":84}},"2":{"start":{"line":24,"column":13},"end":{"line":45,"column":2}},"3":{"start":{"line":48,"column":8},"end":{"line":48,"column":47}},"4":{"start":{"line":51,"column":2},"end":{"line":51,"column":70}},"5":{"start":{"line":47,"column":0},"end":{"line":47,"column":13}}},"fnMap":{"0":{"name":"(anonymous_0)","decl":{"start":{"line":47,"column":0},"end":{"line":47,"column":13}},"loc":{"start":{"line":47,"column":0},"end":{"line":53,"column":1}}},"1":{"name":"(anonymous_1)","decl":{"start":{"line":50,"column":8},"end":{"line":50,"column":11}},"loc":{"start":{"line":50,"column":57},"end":{"line":52,"column":2}}}},"branchMap":{},"s":{"0":5,"1":5,"2":5,"3":29,"4":2,"5":5},"f":{"0":29,"1":2},"b":{}}
,"/Users/priojeetpriyom/lightcurve/temp/test-lisk-core/src/application/modules/legacy/stores/legacyAccountStore.ts": {"path":"/Users/priojeetpriyom/lightcurve/temp/test-lisk-core/src/application/modules/legacy/stores/legacyAccountStore.ts","statementMap":{"0":{"start":{"line":14,"column":0},"end":{"line":14,"column":37}},"1":{"start":{"line":20,"column":13},"end":{"line":30,"column":2}},"2":{"start":{"line":33,"column":8},"end":{"line":33,"column":37}},"3":{"start":{"line":32,"column":0},"end":{"line":32,"column":13}}},"fnMap":{"0":{"name":"(anonymous_0)","decl":{"start":{"line":32,"column":0},"end":{"line":32,"column":13}},"loc":{"start":{"line":32,"column":0},"end":{"line":34,"column":1}}}},"branchMap":{},"s":{"0":5,"1":5,"2":29,"3":5},"f":{"0":29},"b":{}}
,"/Users/priojeetpriyom/lightcurve/temp/test-lisk-core/src/utils/download.ts": {"path":"/Users/priojeetpriyom/lightcurve/temp/test-lisk-core/src/utils/download.ts","statementMap":{"0":{"start":{"line":16,"column":0},"end":{"line":16,"column":33}},"1":{"start":{"line":17,"column":0},"end":{"line":17,"column":31}},"2":{"start":{"line":18,"column":0},"end":{"line":18,"column":31}},"3":{"start":{"line":19,"column":0},"end":{"line":19,"column":27}},"4":{"start":{"line":20,"column":0},"end":{"line":20,"column":29}},"5":{"start":{"line":28,"column":37},"end":{"line":38,"column":1}},"6":{"start":{"line":29,"column":29},"end":{"line":29,"column":72}},"7":{"start":{"line":30,"column":18},"end":{"line":30,"column":53}},"8":{"start":{"line":31,"column":18},"end":{"line":31,"column":50}},"9":{"start":{"line":33,"column":1},"end":{"line":37,"column":3}},"10":{"start":{"line":28,"column":13},"end":{"line":28,"column":37}},"11":{"start":{"line":40,"column":24},"end":{"line":63,"column":1}},"12":{"start":{"line":41,"column":31},"end":{"line":41,"column":62}},"13":{"start":{"line":43,"column":1},"end":{"line":45,"column":null}},"14":{"start":{"line":44,"column":2},"end":{"line":44,"column":26}},"15":{"start":{"line":47,"column":1},"end":{"line":47,"column":27}},"16":{"start":{"line":48,"column":21},"end":{"line":48,"column":51}},"17":{"start":{"line":49,"column":18},"end":{"line":54,"column":3}},"18":{"start":{"line":57,"column":1},"end":{"line":57,"column":33}},"19":{"start":{"line":59,"column":1},"end":{"line":62,"column":4}},"20":{"start":{"line":60,"column":2},"end":{"line":60,"column":36}},"21":{"start":{"line":61,"column":2},"end":{"line":61,"column":34}},"22":{"start":{"line":40,"column":13},"end":{"line":40,"column":24}},"23":{"start":{"line":65,"column":30},"end":{"line":86,"column":1}},"24":{"start":{"line":66,"column":20},"end":{"line":66,"column":49}},"25":{"start":{"line":67,"column":18},"end":{"line":67,"column":45}},"26":{"start":{"line":68,"column":18},"end":{"line":78,"column":3}},"27":{"start":{"line":69,"column":2},"end":{"line":71,"column":5}},"28":{"start":{"line":70,"column":3},"end":{"line":70,"column":26}},"29":{"start":{"line":72,"column":2},"end":{"line":74,"column":5}},"30":{"start":{"line":73,"column":3},"end":{"line":73,"column":17}},"31":{"start":{"line":75,"column":2},"end":{"line":77,"column":5}},"32":{"start":{"line":76,"column":3},"end":{"line":76,"column":30}},"33":{"start":{"line":80,"column":22},"end":{"line":80,"column":46}},"34":{"start":{"line":81,"column":1},"end":{"line":85,"column":null}},"35":{"start":{"line":82,"column":2},"end":{"line":84,"column":4}},"36":{"start":{"line":65,"column":13},"end":{"line":65,"column":30}},"37":{"start":{"line":88,"column":27},"end":{"line":97,"column":1}},"38":{"start":{"line":89,"column":22},"end":{"line":89,"column":53}},"39":{"start":{"line":90,"column":17},"end":{"line":90,"column":62}},"40":{"start":{"line":92,"column":1},"end":{"line":94,"column":null}},"41":{"start":{"line":93,"column":2},"end":{"line":93,"column":51}},"42":{"start":{"line":96,"column":1},"end":{"line":96,"column":30}},"43":{"start":{"line":88,"column":13},"end":{"line":88,"column":27}},"44":{"start":{"line":99,"column":35},"end":{"line":105,"column":1}},"45":{"start":{"line":100,"column":1},"end":{"line":100,"column":26}},"46":{"start":{"line":101,"column":1},"end":{"line":101,"column":38}},"47":{"start":{"line":102,"column":22},"end":{"line":102,"column":53}},"48":{"start":{"line":103,"column":18},"end":{"line":103,"column":39}},"49":{"start":{"line":104,"column":1},"end":{"line":104,"column":42}},"50":{"start":{"line":99,"column":13},"end":{"line":99,"column":35}},"51":{"start":{"line":107,"column":23},"end":{"line":117,"column":3}},"52":{"start":{"line":113,"column":1},"end":{"line":117,"column":3}},"53":{"start":{"line":107,"column":13},"end":{"line":107,"column":23}}},"fnMap":{"0":{"name":"(anonymous_0)","decl":{"start":{"line":28,"column":37},"end":{"line":28,"column":38}},"loc":{"start":{"line":28,"column":84},"end":{"line":38,"column":1}}},"1":{"name":"(anonymous_1)","decl":{"start":{"line":40,"column":24},"end":{"line":40,"column":29}},"loc":{"start":{"line":40,"column":74},"end":{"line":63,"column":1}}},"2":{"name":"(anonymous_2)","decl":{"start":{"line":59,"column":26},"end":{"line":59,"column":27}},"loc":{"start":{"line":59,"column":46},"end":{"line":62,"column":2}}},"3":{"name":"(anonymous_3)","decl":{"start":{"line":65,"column":30},"end":{"line":65,"column":35}},"loc":{"start":{"line":65,"column":98},"end":{"line":86,"column":1}}},"4":{"name":"(anonymous_4)","decl":{"start":{"line":68,"column":44},"end":{"line":68,"column":45}},"loc":{"start":{"line":68,"column":64},"end":{"line":78,"column":2}}},"5":{"name":"(anonymous_5)","decl":{"start":{"line":69,"column":24},"end":{"line":69,"column":25}},"loc":{"start":{"line":69,"column":42},"end":{"line":71,"column":3}}},"6":{"name":"(anonymous_6)","decl":{"start":{"line":72,"column":25},"end":{"line":72,"column":30}},"loc":{"start":{"line":72,"column":33},"end":{"line":74,"column":3}}},"7":{"name":"(anonymous_7)","decl":{"start":{"line":75,"column":23},"end":{"line":75,"column":26}},"loc":{"start":{"line":75,"column":28},"end":{"line":77,"column":3}}},"8":{"name":"(anonymous_8)","decl":{"start":{"line":88,"column":27},"end":{"line":88,"column":28}},"loc":{"start":{"line":88,"column":64},"end":{"line":97,"column":1}}},"9":{"name":"(anonymous_9)","decl":{"start":{"line":99,"column":35},"end":{"line":99,"column":40}},"loc":{"start":{"line":99,"column":85},"end":{"line":105,"column":1}}},"10":{"name":"(anonymous_10)","decl":{"start":{"line":107,"column":23},"end":{"line":107,"column":28}},"loc":{"start":{"line":113,"column":1},"end":{"line":117,"column":3}}}},"branchMap":{"0":{"loc":{"start":{"line":43,"column":1},"end":{"line":45,"column":null}},"type":"if","locations":[{"start":{"line":43,"column":1},"end":{"line":45,"column":null}}]},"1":{"loc":{"start":{"line":81,"column":1},"end":{"line":85,"column":null}},"type":"if","locations":[{"start":{"line":81,"column":1},"end":{"line":85,"column":null}}]},"2":{"loc":{"start":{"line":92,"column":1},"end":{"line":94,"column":null}},"type":"if","locations":[{"start":{"line":92,"column":1},"end":{"line":94,"column":null}}]},"3":{"loc":{"start":{"line":111,"column":1},"end":{"line":111,"column":10}},"type":"default-arg","locations":[{"start":{"line":111,"column":9},"end":{"line":111,"column":10}}]}},"s":{"0":1,"1":1,"2":1,"3":1,"4":1,"5":1,"6":1,"7":1,"8":1,"9":1,"10":1,"11":1,"12":1,"13":1,"14":1,"15":1,"16":1,"17":1,"18":1,"19":1,"20":1,"21":1,"22":1,"23":1,"24":1,"25":1,"26":1,"27":1,"28":0,"29":1,"30":0,"31":1,"32":1,"33":1,"34":1,"35":0,"36":1,"37":1,"38":1,"39":1,"40":1,"41":0,"42":1,"43":1,"44":1,"45":2,"46":2,"47":2,"48":2,"49":2,"50":1,"51":1,"52":0,"53":1},"f":{"0":1,"1":1,"2":1,"3":1,"4":1,"5":0,"6":0,"7":1,"8":1,"9":2,"10":0},"b":{"0":[1],"1":[0],"2":[0],"3":[0]}}
}
